INFO:root:Running add with arguments (1, 2, 3, 4, 5, 6, 7)
INFO:root:Running add with arguments (9, 7, 5, 4, 2)
INFO:root:Running add with arguments (1231321, 42341, 12432)
INFO:root:Running mul with arguments (23412, 234, 4435, 425)
INFO:root:Running mul with arguments (1, 2, 3, 4, 5, 6, 7, 8)
INFO:root:Running add with arguments (1, 2, 3, 4, 5, 6, 7)
INFO:root:Running add with arguments (9, 7, 5, 4, 2)
INFO:root:Running add with arguments (1231321, 42341, 12432)
INFO:root:Running mul with arguments (23412, 234, 4435, 425)
INFO:root:Running mul with arguments (1, 2, 3, 4, 5, 6, 7, 8)
INFO:root:Running add with arguments (1, 2, 3, 4, 5, 6, 7)
INFO:root:Running add with arguments (9, 7, 5, 4, 2)
INFO:root:Running add with arguments (1231321, 42341, 12432)
INFO:root:Running mul with arguments (23412, 234, 4435, 425)
INFO:root:Running mul with arguments (1, 2, 3, 4, 5, 6, 7, 8)
INFO:root:Running add with arguments (1, 2, 3, 4, 5, 6, 7)
INFO:root:Running add with arguments (9, 7, 5, 4, 2)
INFO:root:Running add with arguments (1231321, 42341, 12432)
INFO:root:Running mul with arguments (23412, 234, 4435, 425)
INFO:root:Running mul with arguments (1, 2, 3, 4, 5, 6, 7, 8)
INFO:root:Running add with arguments (1, 2, 3, 4, 5, 6, 7)
INFO:root:Running add with arguments (9, 7, 5, 4, 2)
INFO:root:Running add with arguments (1231321, 42341, 12432)
INFO:root:Running mul with arguments (23412, 234, 4435, 425)
INFO:root:Running mul with arguments (1, 2, 3, 4, 5, 6, 7, 8)
INFO:root:Running add with arguments (1, 2, 3, 4, 5, 6, 7)
INFO:root:Running add with arguments (9, 7, 5, 4, 2)
INFO:root:Running add with arguments (1231321, 42341, 12432)
INFO:root:Running mul with arguments (23412, 234, 4435, 425)
INFO:root:Running mul with arguments (8, 6)
