INFO:employee:Created Employee: Saroj Shrestha - Saroj.Shrestha@gmail.com
INFO:employee:Created Employee: Shrestha Sanju - Shrestha.Sanju@gmail.com
INFO:employee:Created Employee: Syasu Buddhathoki - Syasu.Buddhathoki@gmail.com
INFO:employee:Created Employee: Saroj Shrestha - Saroj.Shrestha@gmail.com
INFO:employee:Created Employee: Shrestha Sanju - Shrestha.Sanju@gmail.com
INFO:employee:Created Employee: Syasu Buddhathoki - Syasu.Buddhathoki@gmail.com
INFO:employee:Created Employee: Saroj Shrestha - Saroj.Shrestha@gmail.com
INFO:employee:Created Employee: Shrestha Sanju - Shrestha.Sanju@gmail.com
INFO:employee:Created Employee: Syasu Buddhathoki - Syasu.Buddhathoki@gmail.com
INFO:employee:Created Employee: Saroj Shrestha - Saroj.Shrestha@gmail.com
INFO:employee:Created Employee: Shrestha Sanju - Shrestha.Sanju@gmail.com
INFO:employee:Created Employee: Syasu Buddhathoki - Syasu.Buddhathoki@gmail.com
INFO:employee:Created Employee: Saroj Shrestha - Saroj.Shrestha@gmail.com
INFO:employee:Created Employee: Shrestha Sanju - Shrestha.Sanju@gmail.com
INFO:employee:Created Employee: Syasu Buddhathoki - Syasu.Buddhathoki@gmail.com
INFO:employee:Created Employee: Saroj Shrestha - Saroj.Shrestha@gmail.com
INFO:employee:Created Employee: Shrestha Sanju - Shrestha.Sanju@gmail.com
INFO:employee:Created Employee: Syasu Buddhathoki - Syasu.Buddhathoki@gmail.com
INFO:employee:Created Employee: Saroj Shrestha - Saroj.Shrestha@gmail.com
INFO:employee:Created Employee: Shrestha Sanju - Shrestha.Sanju@gmail.com
INFO:employee:Created Employee: Syasu Buddhathoki - Syasu.Buddhathoki@gmail.com
INFO:__main__:Created Employee: Saroj Shrestha - Saroj.Shrestha@gmail.com
INFO:__main__:Created Employee: Shrestha Sanju - Shrestha.Sanju@gmail.com
INFO:__main__:Created Employee: Syasu Buddhathoki - Syasu.Buddhathoki@gmail.com
